{"timestamp": "2026-01-20 09:38:45", "level": "DEBUG", "module": "svit", "message": "Request received | {"type": "request", "method": "GET", "path": "/svit", "user": "swlee@ramschip.com"}"}
{"timestamp": "2026-01-20 13:41:08", "level": "DEBUG", "module": "svit", "message": "Request received | {"type": "request", "method": "GET", "path": "/svit", "user": "swlee@ramschip.com"}"}
{"timestamp": "2026-01-20 13:45:56", "level": "DEBUG", "module": "svit", "message": "Request received | {"type": "request", "method": "GET", "path": "/svit", "user": "swlee@ramschip.com"}"}
{"timestamp": "2026-01-20 14:28:35", "level": "DEBUG", "module": "svit", "message": "Request received | {"type": "request", "method": "GET", "path": "/svit", "user": "swlee@ramschip.com"}"}
{"timestamp": "2026-01-21 15:09:56", "level": "DEBUG", "module": "svit", "message": "Request received | {"type": "request", "method": "GET", "path": "/svit", "user": "swlee@ramschip.com"}"}
{"timestamp": "2026-01-26 09:39:58", "level": "DEBUG", "module": "svit", "message": "Request received | {"type": "request", "method": "GET", "path": "/svit", "user": "swlee@ramschip.com"}"}
{"timestamp": "2026-01-26 09:41:45", "level": "DEBUG", "module": "svit", "message": "Request received | {"type": "request", "method": "GET", "path": "/svit", "user": "swlee@ramschip.com"}"}
{"timestamp": "2026-01-27 13:23:15", "level": "DEBUG", "module": "svit", "message": "Request received | {"type": "request", "method": "GET", "path": "/svit", "user": "swlee@ramschip.com"}"}
{"timestamp": "2026-01-28 11:02:13", "level": "DEBUG", "module": "svit", "message": "Request received | {"type": "request", "method": "GET", "path": "/svit", "user": "admin@localhost"}"}
{"timestamp": "2026-01-28 11:07:19", "level": "DEBUG", "module": "svit", "message": "Request received | {"type": "request", "method": "GET", "path": "/svit", "user": "swlee@ramschip.com"}"}
{"timestamp": "2026-01-28 14:45:58", "level": "DEBUG", "module": "svit", "message": "Request received | {"type": "request", "method": "GET", "path": "/svit", "user": "swlee@ramschip.com"}"}
{"timestamp": "2026-01-28 14:59:06", "level": "DEBUG", "module": "svit", "message": "Request received | {"type": "request", "method": "GET", "path": "/svit", "user": "tklee@ramschip.com"}"}
{"timestamp": "2026-01-28 14:59:50", "level": "DEBUG", "module": "svit", "message": "Request received | {"type": "request", "method": "GET", "path": "/svit", "user": "swlee@ramschip.com"}"}
{"timestamp": "2026-01-28 15:01:16", "level": "DEBUG", "module": "svit", "message": "Request received | {"type": "request", "method": "GET", "path": "/svit", "user": "swlee@ramschip.com"}"}
{"timestamp": "2026-01-28 15:02:06", "level": "DEBUG", "module": "svit", "message": "Request received | {"type": "request", "method": "GET", "path": "/svit", "user": "tklee@ramschip.com"}"}
{"timestamp": "2026-01-28 15:02:08", "level": "DEBUG", "module": "svit", "message": "Request received | {"type": "request", "method": "GET", "path": "/svit", "user": "tklee@ramschip.com"}"}
{"timestamp": "2026-01-28 15:11:17", "level": "DEBUG", "module": "svit", "message": "Request received | {"type": "request", "method": "GET", "path": "/svit", "user": "tklee@ramschip.com"}"}
{"timestamp": "2026-01-28 15:12:49", "level": "DEBUG", "module": "svit", "message": "Request received | {"type": "request", "method": "GET", "path": "/svit", "user": "tklee@ramschip.com"}"}
{"timestamp": "2026-01-28 15:16:42", "level": "DEBUG", "module": "svit", "message": "Request received | {"type": "request", "method": "GET", "path": "/svit", "user": "swlee@ramschip.com"}"}
{"timestamp": "2026-01-28 15:16:51", "level": "INFO", "module": "svit", "message": "svit upload (update): 1 file(s) received for issue 17"}
{"timestamp": "2026-01-28 15:16:51", "level": "INFO", "module": "svit", "message": "svit upload (update): saved issue_17_20260128_151651_image.png (orig=image.png) for issue 17"}
{"timestamp": "2026-01-28 15:21:38", "level": "DEBUG", "module": "svit", "message": "Request received | {"type": "request", "method": "GET", "path": "/svit", "user": "swlee@ramschip.com"}"}
{"timestamp": "2026-01-28 15:41:35", "level": "DEBUG", "module": "svit", "message": "Request received | {"type": "request", "method": "GET", "path": "/svit", "user": "swlee@ramschip.com"}"}
